[0m16:12:21.460476 [debug] [MainThread]: Sending event: {'category': 'dbt', 'action': 'invocation', 'label': 'start', 'context': [<snowplow_tracker.self_describing_json.SelfDescribingJson object at 0x104b0a7b0>, <snowplow_tracker.self_describing_json.SelfDescribingJson object at 0x1061c3750>, <snowplow_tracker.self_describing_json.SelfDescribingJson object at 0x1061c3890>]}


============================== 16:12:21.464411 | 2c226de3-9ba1-428e-9f43-64e74ea9e1fa ==============================
[0m16:12:21.464411 [info ] [MainThread]: Running with dbt=1.11.11
[0m16:12:21.464862 [debug] [MainThread]: running dbt with arguments {'introspect': 'True', 'use_colors': 'True', 'cache_selected_only': 'False', 'static_parser': 'True', 'quiet': 'False', 'profiles_dir': '/Users/cameronpoole/.dbt', 'debug': 'False', 'write_json': 'True', 'no_print': 'None', 'partial_parse': 'True', 'printer_width': '80', 'log_path': 'logs', 'log_format': 'default', 'empty': 'None', 'invocation_command': 'dbt init tfl_analytics --skip-profile-setup', 'fail_fast': 'False', 'version_check': 'True', 'warn_error_options': 'WarnErrorOptionsV2(error=[], warn=[], silence=[])', 'indirect_selection': 'eager', 'warn_error': 'None', 'send_anonymous_usage_stats': 'True', 'target_path': 'None', 'log_cache_events': 'False', 'use_experimental_parser': 'False'}
[0m16:12:21.474715 [info ] [MainThread]: Creating dbt configuration folder at /Users/cameronpoole/.dbt
[0m16:12:21.475879 [debug] [MainThread]: Starter project path: /Users/cameronpoole/Desktop/portfolio/tfl-analytics-mart/.venv/lib/python3.13/site-packages/dbt/include/starter_project
[0m16:12:21.480007 [info ] [MainThread]: 
Your new dbt project "tfl_analytics" was created!

For more information on how to configure the profiles.yml file,
please consult the dbt documentation here:

  https://docs.getdbt.com/docs/configure-your-profile

One more thing:

Need help? Don't hesitate to reach out to us via GitHub issues or on Slack:

  https://community.getdbt.com/

Happy modeling!

[0m16:12:21.482286 [debug] [MainThread]: Resource report: {"command_name": "init", "command_success": true, "command_wall_clock_time": 0.074648, "process_in_blocks": "0", "process_kernel_time": 0.129268, "process_mem_max_rss": "114573312", "process_out_blocks": "0", "process_user_time": 0.748586}
[0m16:12:21.482626 [debug] [MainThread]: Command `dbt init` succeeded at 16:12:21.482566 after 0.08 seconds
[0m16:12:21.482858 [debug] [MainThread]: Sending event: {'category': 'dbt', 'action': 'invocation', 'label': 'end', 'context': [<snowplow_tracker.self_describing_json.SelfDescribingJson object at 0x1061eb490>, <snowplow_tracker.self_describing_json.SelfDescribingJson object at 0x106293650>, <snowplow_tracker.self_describing_json.SelfDescribingJson object at 0x106205ae0>]}
[0m16:12:21.483097 [debug] [MainThread]: Flushing usage events
[0m16:12:21.877684 [debug] [MainThread]: An error was encountered while trying to flush usage events
